<?xml version="1.0" encoding="UTF-8"?>
<testsuite xmlns:xsi="http://www.w3.org/2001/XMLSchema-instance" xsi:noNamespaceSchemaLocation="https://maven.apache.org/surefire/maven-surefire-plugin/xsd/surefire-test-report-3.0.xsd" version="3.0" name="geometria.RetanguloTestParametrized" time="0.147" tests="24" errors="0" skipped="0" failures="0">
  <properties>
[...]
</properties>
  <testcase name="deveLancarExcecaoAoCriarRetanguloComBaseZero" classname="geometria.RetanguloTestParametrized" time="0.026"/>
  <testcase name="deveLancarExcecaoAoSetarBaseNegativo" classname="geometria.RetanguloTestParametrized" time="0.001"/>
  <testcase name="deveCalcularAreaDoRetangulo(double, double, double)[1]" classname="geometria.RetanguloTestParametrized" time="0.015"/>
  <testcase name="deveCalcularAreaDoRetangulo(double, double, double)[2]" classname="geometria.RetanguloTestParametrized" time="0.001"/>
  <testcase name="deveCalcularAreaDoRetangulo(double, double, double)[3]" classname="geometria.RetanguloTestParametrized" time="0.001"/>
  <testcase name="deveLancarExcecaoAoCriarRetanguloComAlturaZero" classname="geometria.RetanguloTestParametrized" time="0.001"/>
  <testcase name="deveLancarExcecaoAoCriarRetanguloComBaseNegativo" classname="geometria.RetanguloTestParametrized" time="0.001"/>
  <testcase name="deveCalcularPerimetroDoRetangulo(double, double, double)[1]" classname="geometria.RetanguloTestParametrized" time="0.001"/>
  <testcase name="deveCalcularPerimetroDoRetangulo(double, double, double)[2]" classname="geometria.RetanguloTestParametrized" time="0.001"/>
  <testcase name="deveCalcularPerimetroDoRetangulo(double, double, double)[3]" classname="geometria.RetanguloTestParametrized" time="0.001"/>
  <testcase name="deveLancarExcecaoAoSetarAlturaNegativo" classname="geometria.RetanguloTestParametrized" time="0.001"/>
  <testcase name="deveLancarExcecaoAoCriarRetanguloComAlturaNegativo" classname="geometria.RetanguloTestParametrized" time="0.0"/>
  <testcase name="deveSetarBasePositivoComValueSource(double)[1]" classname="geometria.RetanguloTestParametrized" time="0.001"/>
  <testcase name="deveSetarBasePositivoComValueSource(double)[2]" classname="geometria.RetanguloTestParametrized" time="0.001"/>
  <testcase name="deveSetarBasePositivoComValueSource(double)[3]" classname="geometria.RetanguloTestParametrized" time="0.0"/>
  <testcase name="deveSetarBasePositivoComValueSource(double)[4]" classname="geometria.RetanguloTestParametrized" time="0.002"/>
  <testcase name="deveSetarBasePositivoComValueSource(double)[5]" classname="geometria.RetanguloTestParametrized" time="0.0"/>
  <testcase name="deveSetarBasePositivoComValueSource(double)[6]" classname="geometria.RetanguloTestParametrized" time="0.001"/>
  <testcase name="deveSetarAlturaPositivoComValueSource(double)[1]" classname="geometria.RetanguloTestParametrized" time="0.001"/>
  <testcase name="deveSetarAlturaPositivoComValueSource(double)[2]" classname="geometria.RetanguloTestParametrized" time="0.001"/>
  <testcase name="deveSetarAlturaPositivoComValueSource(double)[3]" classname="geometria.RetanguloTestParametrized" time="0.0"/>
  <testcase name="deveSetarAlturaPositivoComValueSource(double)[4]" classname="geometria.RetanguloTestParametrized" time="0.001"/>
  <testcase name="deveSetarAlturaPositivoComValueSource(double)[5]" classname="geometria.RetanguloTestParametrized" time="0.001"/>
  <testcase name="deveSetarAlturaPositivoComValueSource(double)[6]" classname="geometria.RetanguloTestParametrized" time="0.001"/>
</testsuite>