<?xml version="1.0" encoding="UTF-8"?>
<testsuite xmlns:xsi="http://www.w3.org/2001/XMLSchema-instance" xsi:noNamespaceSchemaLocation="https://maven.apache.org/surefire/maven-surefire-plugin/xsd/surefire-test-report-3.0.xsd" version="3.0" name="geometria.TrapezioTestParametrized" time="0.183" tests="51" errors="0" skipped="0" failures="0">
  <properties>
[...]
</properties>
  <testcase name="deveLancarExcecaoAoCriarTrapezioComValoresInvalidos(double, double, double, double, double)[1]" classname="geometria.TrapezioTestParametrized" time="0.031"/>
  <testcase name="deveLancarExcecaoAoCriarTrapezioComValoresInvalidos(double, double, double, double, double)[2]" classname="geometria.TrapezioTestParametrized" time="0.001"/>
  <testcase name="deveLancarExcecaoAoCriarTrapezioComValoresInvalidos(double, double, double, double, double)[3]" classname="geometria.TrapezioTestParametrized" time="0.002"/>
  <testcase name="deveLancarExcecaoAoCriarTrapezioComValoresInvalidos(double, double, double, double, double)[4]" classname="geometria.TrapezioTestParametrized" time="0.001"/>
  <testcase name="deveLancarExcecaoAoCriarTrapezioComValoresInvalidos(double, double, double, double, double)[5]" classname="geometria.TrapezioTestParametrized" time="0.001"/>
  <testcase name="deveLancarExcecaoAoCriarTrapezioComValoresInvalidos(double, double, double, double, double)[6]" classname="geometria.TrapezioTestParametrized" time="0.001"/>
  <testcase name="deveLancarExcecaoAoCriarTrapezioComValoresInvalidos(double, double, double, double, double)[7]" classname="geometria.TrapezioTestParametrized" time="0.001"/>
  <testcase name="deveLancarExcecaoAoCriarTrapezioComValoresInvalidos(double, double, double, double, double)[8]" classname="geometria.TrapezioTestParametrized" time="0.001"/>
  <testcase name="deveLancarExcecaoAoCriarTrapezioComValoresInvalidos(double, double, double, double, double)[9]" classname="geometria.TrapezioTestParametrized" time="0.001"/>
  <testcase name="deveLancarExcecaoAoCriarTrapezioComValoresInvalidos(double, double, double, double, double)[10]" classname="geometria.TrapezioTestParametrized" time="0.001"/>
  <testcase name="deveSetarLadoDirPositivo(double)[1]" classname="geometria.TrapezioTestParametrized" time="0.003"/>
  <testcase name="deveSetarLadoDirPositivo(double)[2]" classname="geometria.TrapezioTestParametrized" time="0.001"/>
  <testcase name="deveSetarLadoDirPositivo(double)[3]" classname="geometria.TrapezioTestParametrized" time="0.001"/>
  <testcase name="deveSetarLadoDirPositivo(double)[4]" classname="geometria.TrapezioTestParametrized" time="0.001"/>
  <testcase name="deveSetarLadoDirPositivo(double)[5]" classname="geometria.TrapezioTestParametrized" time="0.0"/>
  <testcase name="deveSetarLadoDirPositivo(double)[6]" classname="geometria.TrapezioTestParametrized" time="0.002"/>
  <testcase name="deveLancarExcecaoAoSetarLadoDirNegativo" classname="geometria.TrapezioTestParametrized" time="0.003"/>
  <testcase name="deveSetarBaseMaiorPositivo(double)[1]" classname="geometria.TrapezioTestParametrized" time="0.001"/>
  <testcase name="deveSetarBaseMaiorPositivo(double)[2]" classname="geometria.TrapezioTestParametrized" time="0.001"/>
  <testcase name="deveSetarBaseMaiorPositivo(double)[3]" classname="geometria.TrapezioTestParametrized" time="0.0"/>
  <testcase name="deveSetarBaseMaiorPositivo(double)[4]" classname="geometria.TrapezioTestParametrized" time="0.001"/>
  <testcase name="deveSetarBaseMaiorPositivo(double)[5]" classname="geometria.TrapezioTestParametrized" time="0.002"/>
  <testcase name="deveSetarBaseMaiorPositivo(double)[6]" classname="geometria.TrapezioTestParametrized" time="0.001"/>
  <testcase name="deveSetarBaseMenorPositivo(double)[1]" classname="geometria.TrapezioTestParametrized" time="0.0"/>
  <testcase name="deveSetarBaseMenorPositivo(double)[2]" classname="geometria.TrapezioTestParametrized" time="0.001"/>
  <testcase name="deveSetarBaseMenorPositivo(double)[3]" classname="geometria.TrapezioTestParametrized" time="0.001"/>
  <testcase name="deveSetarBaseMenorPositivo(double)[4]" classname="geometria.TrapezioTestParametrized" time="0.001"/>
  <testcase name="deveSetarBaseMenorPositivo(double)[5]" classname="geometria.TrapezioTestParametrized" time="0.001"/>
  <testcase name="deveSetarBaseMenorPositivo(double)[6]" classname="geometria.TrapezioTestParametrized" time="0.0"/>
  <testcase name="deveLancarExcecaoAoSetarAlturaNegativo" classname="geometria.TrapezioTestParametrized" time="0.001"/>
  <testcase name="deveSetarAlturaPositivo(double)[1]" classname="geometria.TrapezioTestParametrized" time="0.001"/>
  <testcase name="deveSetarAlturaPositivo(double)[2]" classname="geometria.TrapezioTestParametrized" time="0.0"/>
  <testcase name="deveSetarAlturaPositivo(double)[3]" classname="geometria.TrapezioTestParametrized" time="0.001"/>
  <testcase name="deveSetarAlturaPositivo(double)[4]" classname="geometria.TrapezioTestParametrized" time="0.001"/>
  <testcase name="deveSetarAlturaPositivo(double)[5]" classname="geometria.TrapezioTestParametrized" time="0.001"/>
  <testcase name="deveSetarAlturaPositivo(double)[6]" classname="geometria.TrapezioTestParametrized" time="0.001"/>
  <testcase name="deveCalcularPerimetroDoTrapezio(double, double, double, double, double, double)[1]" classname="geometria.TrapezioTestParametrized" time="0.001"/>
  <testcase name="deveCalcularPerimetroDoTrapezio(double, double, double, double, double, double)[2]" classname="geometria.TrapezioTestParametrized" time="0.001"/>
  <testcase name="deveCalcularPerimetroDoTrapezio(double, double, double, double, double, double)[3]" classname="geometria.TrapezioTestParametrized" time="0.001"/>
  <testcase name="deveSetarLadoEsqPositivo(double)[1]" classname="geometria.TrapezioTestParametrized" time="0.0"/>
  <testcase name="deveSetarLadoEsqPositivo(double)[2]" classname="geometria.TrapezioTestParametrized" time="0.0"/>
  <testcase name="deveSetarLadoEsqPositivo(double)[3]" classname="geometria.TrapezioTestParametrized" time="0.0"/>
  <testcase name="deveSetarLadoEsqPositivo(double)[4]" classname="geometria.TrapezioTestParametrized" time="0.001"/>
  <testcase name="deveSetarLadoEsqPositivo(double)[5]" classname="geometria.TrapezioTestParametrized" time="0.001"/>
  <testcase name="deveSetarLadoEsqPositivo(double)[6]" classname="geometria.TrapezioTestParametrized" time="0.0"/>
  <testcase name="deveLancarExcecaoAoSetarBaseMaiorNegativo" classname="geometria.TrapezioTestParametrized" time="0.0"/>
  <testcase name="deveLancarExcecaoAoSetarBaseMenorNegativo" classname="geometria.TrapezioTestParametrized" time="0.0"/>
  <testcase name="deveCalcularAreaDoTrapezio(double, double, double, double, double, double)[1]" classname="geometria.TrapezioTestParametrized" time="0.001"/>
  <testcase name="deveCalcularAreaDoTrapezio(double, double, double, double, double, double)[2]" classname="geometria.TrapezioTestParametrized" time="0.0"/>
  <testcase name="deveCalcularAreaDoTrapezio(double, double, double, double, double, double)[3]" classname="geometria.TrapezioTestParametrized" time="0.0"/>
  <testcase name="deveLancarExcecaoAoSetarLadoEsqNegativo" classname="geometria.TrapezioTestParametrized" time="0.0"/>
</testsuite>