<?xml version="1.0" encoding="UTF-8"?>
<testsuite xmlns:xsi="http://www.w3.org/2001/XMLSchema-instance" xsi:noNamespaceSchemaLocation="https://maven.apache.org/surefire/maven-surefire-plugin/xsd/surefire-test-report.xsd" version="3.0.2" name="geometria.CilindroTestParametrized" time="0.122" tests="9" errors="0" skipped="0" failures="0">
  <properties>
[...]
</properties>
  <testcase name="deveCalcularAreaDoCilindro(Circulo, double)[1]" classname="geometria.CilindroTestParametrized" time="0.025"/>
  <testcase name="deveCalcularAreaDoCilindro(Circulo, double)[2]" classname="geometria.CilindroTestParametrized" time="0.001"/>
  <testcase name="deveCalcularAreaDoCilindro(Circulo, double)[3]" classname="geometria.CilindroTestParametrized" time="0.002"/>
  <testcase name="deveRetornarBaseEAlturaInformadasNoConstrutor(double, double)[1]" classname="geometria.CilindroTestParametrized" time="0.008"/>
  <testcase name="deveRetornarBaseEAlturaInformadasNoConstrutor(double, double)[2]" classname="geometria.CilindroTestParametrized" time="0.001"/>
  <testcase name="deveRetornarBaseEAlturaInformadasNoConstrutor(double, double)[3]" classname="geometria.CilindroTestParametrized" time="0.002"/>
  <testcase name="deveCalcularVolumeDoCilindro(double, double)[1]" classname="geometria.CilindroTestParametrized" time="0.001"/>
  <testcase name="deveCalcularVolumeDoCilindro(double, double)[2]" classname="geometria.CilindroTestParametrized" time="0.001"/>
  <testcase name="deveCalcularVolumeDoCilindro(double, double)[3]" classname="geometria.CilindroTestParametrized" time="0.001"/>
</testsuite>